Start testing: Aug 01 13:10 WITA
----------------------------------------------------------
1/2 Testing: keylight_tests
1/2 Test: keylight_tests
Command: "/Users/halloweed/Coding/Projects/keylight-cpp/build-verify/keylight_tests"
Directory: /Users/halloweed/Coding/Projects/keylight-cpp
"keylight_tests" start time: Aug 01 13:10 WITA
Output:
----------------------------------------------------------
[doctest] doctest version is "2.4.11"
[doctest] run with "--help" for options
===============================================================================
[doctest] test cases:  54 |  54 passed | 0 failed | 0 skipped
[doctest] assertions: 202 | 202 passed | 0 failed |
[doctest] Status: SUCCESS!
<end of output>
Test time =   1.05 sec
----------------------------------------------------------
Test Passed.
"keylight_tests" end time: Aug 01 13:10 WITA
"keylight_tests" time elapsed: 00:00:01
----------------------------------------------------------

2/2 Testing: test_amalgamation
2/2 Test: test_amalgamation
Command: "/Users/halloweed/Coding/Projects/keylight-cpp/build-verify/test_amalgamation"
Directory: /Users/halloweed/Coding/Projects/keylight-cpp
"test_amalgamation" start time: Aug 01 13:10 WITA
Output:
----------------------------------------------------------
test_amalgamation: running checks
  sdk_version: 0.1.3
  canonical_payload: ok
  base64 round-trip: ok
  Config construction: ok
  Result<T>: ok
  Result<void>: ok
  Verifier (unknown kid): ok
  Client initial state (Invalid): ok
  Json::parse: ok
test_amalgamation: ALL PASSED
<end of output>
Test time =   0.37 sec
----------------------------------------------------------
Test Passed.
"test_amalgamation" end time: Aug 01 13:10 WITA
"test_amalgamation" time elapsed: 00:00:00
----------------------------------------------------------

End testing: Aug 01 13:10 WITA
