Start testing: Sep 03 18:18 WITA
----------------------------------------------------------
1/3 Testing: keylight_tests
1/3 Test: keylight_tests
Command: "/Users/halloweed/Coding/Projects/keylight-cpp/build-httplib/keylight_tests"
Directory: /Users/halloweed/Coding/Projects/keylight-cpp
"keylight_tests" start time: Sep 03 18:18 WITA
Output:
----------------------------------------------------------
[doctest] doctest version is "2.4.11"
[doctest] run with "--help" for options
===============================================================================
[doctest] test cases: 123 | 123 passed | 0 failed | 0 skipped
[doctest] assertions: 556 | 556 passed | 0 failed |
[doctest] Status: SUCCESS!
<end of output>
Test time =   1.25 sec
----------------------------------------------------------
Test Passed.
"keylight_tests" end time: Sep 03 18:18 WITA
"keylight_tests" time elapsed: 00:00:01
----------------------------------------------------------

2/3 Testing: keylight_tests_httplib
2/3 Test: keylight_tests_httplib
Command: "/Users/halloweed/Coding/Projects/keylight-cpp/build-httplib/keylight_tests_httplib"
Directory: /Users/halloweed/Coding/Projects/keylight-cpp
"keylight_tests_httplib" start time: Sep 03 18:18 WITA
Output:
----------------------------------------------------------
[doctest] doctest version is "2.4.11"
[doctest] run with "--help" for options
===============================================================================
/Users/halloweed/Coding/Projects/keylight-cpp/tests/test_live.cpp:75:
TEST CASE:  live: fetchKeyset returns non-empty map for demo tenant

/Users/halloweed/Coding/Projects/keylight-cpp/tests/test_live.cpp:77: MESSAGE: KEYLIGHT_LIVE not set — skipping live tests

===============================================================================
/Users/halloweed/Coding/Projects/keylight-cpp/tests/test_transport_httplib.cpp:128:
TEST CASE:  HttplibTransport — live smoke (KEYLIGHT_LIVE env required)

/Users/halloweed/Coding/Projects/keylight-cpp/tests/test_transport_httplib.cpp:130: MESSAGE: KEYLIGHT_LIVE not set — skipping live transport test

===============================================================================
[doctest] test cases: 128 | 128 passed | 0 failed | 0 skipped
[doctest] assertions: 556 | 556 passed | 0 failed |
[doctest] Status: SUCCESS!
<end of output>
Test time =   1.24 sec
----------------------------------------------------------
Test Passed.
"keylight_tests_httplib" end time: Sep 03 18:18 WITA
"keylight_tests_httplib" time elapsed: 00:00:01
----------------------------------------------------------

3/3 Testing: test_amalgamation
3/3 Test: test_amalgamation
Command: "/Users/halloweed/Coding/Projects/keylight-cpp/build-httplib/test_amalgamation"
Directory: /Users/halloweed/Coding/Projects/keylight-cpp
"test_amalgamation" start time: Sep 03 18:18 WITA
Output:
----------------------------------------------------------
test_amalgamation: running checks
  sdk_version: 0.1.6
  canonical_payload: ok
  base64 round-trip: ok
  Config construction: ok
  Result<T>: ok
  Result<void>: ok
  Verifier (unknown kid): ok
  Client initial state (Invalid): ok
  X-Keylight-SDK-Key header: ok
  local trial: ok
  Free tier + keyless beacon: ok
  Json::parse: ok
test_amalgamation: ALL PASSED
<end of output>
Test time =   0.01 sec
----------------------------------------------------------
Test Passed.
"test_amalgamation" end time: Sep 03 18:18 WITA
"test_amalgamation" time elapsed: 00:00:00
----------------------------------------------------------

End testing: Sep 03 18:18 WITA
